<?xml version="1.0" encoding="UTF-8"?>
<!-- Generated by org.testng.reporters.JUnitReportReporter -->
<testsuite hostname="gnanendra-PC" name="Testcases.ClassC" tests="3" failures="0" timestamp="9 Jun 2018 05:36:45 GMT" time="0.003" errors="0">
  <testcase name="method4" time="0.001" classname="Testcases.ClassC"/>
  <testcase name="method5" time="0.001" classname="Testcases.ClassC"/>
  <testcase name="method6" time="0.001" classname="Testcases.ClassC"/>
</testsuite> <!-- Testcases.ClassC -->
