<?xml version="1.0" encoding="UTF-8"?>
<!-- Generated by org.testng.reporters.JUnitReportReporter -->
<testsuite hostname="gnanendra-PC" name="Testcases.ClassC" tests="1" failures="0" timestamp="20 Feb 2018 09:30:08 GMT" time="0.000" errors="0">
  <testcase name="test" time="0.000" classname="Testcases.ClassC"/>
</testsuite> <!-- Testcases.ClassC -->
