<?xml version="1.0" encoding="UTF-8"?>
<!-- Generated by org.testng.reporters.JUnitReportReporter -->
<testsuite hostname="gnanendra-PC" name="Testcases.Dataprovider" tests="4" failures="0" timestamp="2 Mar 2018 05:32:48 GMT" time="2.780" errors="0">
  <testcase name="loginpage" time="0.729" classname="Testcases.Dataprovider"/>
  <testcase name="loginpage" time="0.694" classname="Testcases.Dataprovider"/>
  <testcase name="loginpage" time="0.687" classname="Testcases.Dataprovider"/>
  <testcase name="loginpage" time="0.670" classname="Testcases.Dataprovider"/>
</testsuite> <!-- Testcases.Dataprovider -->
