<?xml version="1.0" encoding="UTF-8"?>
<!-- Generated by org.testng.reporters.JUnitReportReporter -->
<testsuite hostname="gnanendra-PC" name="Testcases.WebElementUtils" tests="1" failures="0" timestamp="20 Feb 2018 08:50:47 GMT" time="0.010" errors="0">
  <testcase name="beforeTest" time="0.010" classname="Testcases.WebElementUtils"/>
</testsuite> <!-- Testcases.WebElementUtils -->
