<?xml version="1.0" encoding="UTF-8"?>
<!-- Generated by org.testng.reporters.JUnitReportReporter -->
<testsuite hostname="gnanendra-PC" name="Testcases.Dataprovider" tests="4" failures="0" timestamp="19 Feb 2018 06:21:41 GMT" time="2.729" errors="0">
  <testcase name="loginpage" time="0.741" classname="Testcases.Dataprovider"/>
  <testcase name="loginpage" time="0.679" classname="Testcases.Dataprovider"/>
  <testcase name="loginpage" time="0.673" classname="Testcases.Dataprovider"/>
  <testcase name="loginpage" time="0.636" classname="Testcases.Dataprovider"/>
</testsuite> <!-- Testcases.Dataprovider -->
