<?xml version="1.0" encoding="UTF-8"?>
<!-- Generated by org.testng.reporters.JUnitReportReporter -->
<testsuite hostname="gnanendra-PC" name="Testcases.ClassD" tests="1" failures="0" timestamp="20 Feb 2018 09:30:02 GMT" time="0.010" errors="0">
  <testcase name="test1" time="0.010" classname="Testcases.ClassD"/>
</testsuite> <!-- Testcases.ClassD -->
