<?xml version="1.0" encoding="UTF-8"?>
<!-- Generated by org.testng.reporters.JUnitReportReporter -->
<testsuite hostname="gnanendra-PC" name="Testcases.ClassA" tests="1" failures="0" timestamp="20 Feb 2018 07:12:16 GMT" time="0.010" errors="0">
  <testcase name="beforeTest" time="0.010" classname="Testcases.ClassA"/>
</testsuite> <!-- Testcases.ClassA -->
