<?xml version="1.0" encoding="UTF-8"?>
<!-- Generated by org.testng.reporters.JUnitReportReporter -->
<testsuite hostname="DESKTOP-0S03046" failures="0" tests="1" name="Testcases.ExcelReader" time="22.563" errors="0" timestamp="28 Jul 2020 05:35:26 GMT" skipped="0">
  <testcase classname="Testcases.ExcelReader" name="readExcel" time="22.563"/>
</testsuite> <!-- Testcases.ExcelReader -->
