<?xml version="1.0" encoding="UTF-8"?>
<!-- Generated by org.testng.reporters.JUnitReportReporter -->
<testsuite hostname="gnanendra-PC" name="Testcases.Dataprovider" tests="4" failures="0" timestamp="17 Feb 2018 04:48:49 GMT" time="2.757" errors="0">
  <testcase name="loginpage" time="0.740" classname="Testcases.Dataprovider"/>
  <testcase name="loginpage" time="0.666" classname="Testcases.Dataprovider"/>
  <testcase name="loginpage" time="0.660" classname="Testcases.Dataprovider"/>
  <testcase name="loginpage" time="0.691" classname="Testcases.Dataprovider"/>
</testsuite> <!-- Testcases.Dataprovider -->
