<?xml version="1.0" encoding="UTF-8"?>
<!-- Generated by org.testng.reporters.JUnitReportReporter -->
<testsuite hostname="gnanendra-PC" name="Testcases.ClassA" tests="2" failures="0" timestamp="9 Jun 2018 05:36:45 GMT" time="0.009" errors="0">
  <testcase name="method2" time="0.004" classname="Testcases.ClassA"/>
  <testcase name="method1" time="0.005" classname="Testcases.ClassA"/>
</testsuite> <!-- Testcases.ClassA -->
