<?xml version="1.0" encoding="UTF-8"?>
<!-- Generated by org.testng.reporters.JUnitReportReporter -->
<testsuite hostname="gnanendra-PC" name="Testcases.ClassD" tests="2" failures="0" timestamp="9 Jun 2018 05:36:45 GMT" time="0.006" errors="0">
  <testcase name="method7" time="0.004" classname="Testcases.ClassD"/>
  <testcase name="method8" time="0.002" classname="Testcases.ClassD"/>
</testsuite> <!-- Testcases.ClassD -->
