<?xml version="1.0" encoding="UTF-8"?>
<!-- Generated by org.testng.reporters.JUnitReportReporter -->
<testsuite hostname="gnanendra-PC" name="Testcases.ClassC" tests="1" failures="0" timestamp="6 Nov 2017 13:54:09 GMT" time="0.010" errors="0">
  <testcase name="test" time="0.010" classname="Testcases.ClassC"/>
</testsuite> <!-- Testcases.ClassC -->
